<?xml version="1.0" encoding="UTF-8"?>
<testsuite xmlns:xsi="http://www.w3.org/2001/XMLSchema-instance" xsi:noNamespaceSchemaLocation="https://maven.apache.org/surefire/maven-surefire-plugin/xsd/surefire-test-report-3.0.xsd" version="3.0" name="com.example.jpa.JpaApplicationTests" time="2.647" tests="1" errors="0" skipped="0" failures="0">
  <properties>
[...]
</properties>
  <testcase name="contextLoads" classname="com.example.jpa.JpaApplicationTests" time="0.318">
    <system-out><![CDATA[00:32:25.551 [main] INFO org.springframework.test.context.support.AnnotationConfigContextLoaderUtils -- Could not detect default configuration classes for test class [com.example.jpa.JpaApplicationTests]: JpaApplicationTests does not declare any static, non-private, non-final, nested classes annotated with @Configuration.
00:32:25.596 [main] INFO org.springframework.boot.test.context.SpringBootTestContextBootstrapper -- Found @SpringBootConfiguration com.example.jpa.JpaApplication for test class com.example.jpa.JpaApplicationTests

  .   ____          _            __ _ _
 /\\ / ___'_ __ _ _(_)_ __  __ _ \ \ \ \
( ( )\___ | '_ | '_| | '_ \/ _` | \ \ \ \
 \\/  ___)| |_)| | | | | || (_| |  ) ) ) )
  '  |____| .__|_| |_|_| |_\__, | / / / /
 =========|_|==============|___/=/_/_/_/
 :: Spring Boot ::                (v3.2.2)

2024-02-03T00:32:25.756+05:30  INFO 58600 --- [           main] com.example.jpa.JpaApplicationTests      : Starting JpaApplicationTests using Java 21.0.1 with PID 58600 (started by bhuvang in /Users/bhuvang/kdu-coursework/backend/homework/12)
2024-02-03T00:32:25.756+05:30  INFO 58600 --- [           main] com.example.jpa.JpaApplicationTests      : No active profile set, falling back to 1 default profile: "default"
2024-02-03T00:32:26.033+05:30  INFO 58600 --- [           main] .s.d.r.c.RepositoryConfigurationDelegate : Bootstrapping Spring Data JPA repositories in DEFAULT mode.
2024-02-03T00:32:26.058+05:30  INFO 58600 --- [           main] .s.d.r.c.RepositoryConfigurationDelegate : Finished Spring Data repository scanning in 21 ms. Found 5 JPA repository interfaces.
2024-02-03T00:32:26.270+05:30  INFO 58600 --- [           main] o.hibernate.jpa.internal.util.LogHelper  : HHH000204: Processing PersistenceUnitInfo [name: default]
2024-02-03T00:32:26.299+05:30  INFO 58600 --- [           main] org.hibernate.Version                    : HHH000412: Hibernate ORM core version 6.4.1.Final
2024-02-03T00:32:26.314+05:30  INFO 58600 --- [           main] o.h.c.internal.RegionFactoryInitiator    : HHH000026: Second-level cache disabled
2024-02-03T00:32:26.432+05:30  INFO 58600 --- [           main] o.s.o.j.p.SpringPersistenceUnitInfo      : No LoadTimeWeaver setup: ignoring JPA class transformer
2024-02-03T00:32:26.446+05:30  INFO 58600 --- [           main] com.zaxxer.hikari.HikariDataSource       : HikariPool-1 - Starting...
2024-02-03T00:32:26.571+05:30  INFO 58600 --- [           main] com.zaxxer.hikari.pool.HikariPool        : HikariPool-1 - Added connection org.postgresql.jdbc.PgConnection@33d230ce
2024-02-03T00:32:26.572+05:30  INFO 58600 --- [           main] com.zaxxer.hikari.HikariDataSource       : HikariPool-1 - Start completed.
2024-02-03T00:32:27.059+05:30  INFO 58600 --- [           main] o.h.e.t.j.p.i.JtaPlatformInitiator       : HHH000489: No JTA platform available (set 'hibernate.transaction.jta.platform' to enable JTA platform integration)
Hibernate: 
    alter table if exists shift 
       drop constraint if exists FK9exbyhm3yeo9p64nbf5ghipcy
Hibernate: 
    alter table if exists shift 
       drop constraint if exists FKpafkjmftn3njs0wi11nyho566
Hibernate: 
    alter table if exists shift_type 
       drop constraint if exists FK3waci08n0ewpmd4q3rnvw4ydv
Hibernate: 
    alter table if exists shift_user 
       drop constraint if exists FKn9acn5snoxqw0woir7e6x27id
Hibernate: 
    alter table if exists shift_user 
       drop constraint if exists FKqtnw2wpnn96ag831vdy2r3oq4
Hibernate: 
    alter table if exists users 
       drop constraint if exists FK21hn1a5ja1tve7ae02fnn4cld
Hibernate: 
    drop table if exists shift cascade
Hibernate: 
    drop table if exists shift_type cascade
Hibernate: 
    drop table if exists shift_user cascade
Hibernate: 
    drop table if exists tenants cascade
Hibernate: 
    drop table if exists users cascade
Hibernate: 
    create table shift (
        date_end date,
        date_start date,
        time_end time(6),
        time_start time(6),
        created_at timestamp(6),
        updated_at timestamp(6),
        id BIGINT not null,
        shift_type_id BIGINT,
        tenant_id uuid,
        name varchar(255),
        time_zone varchar(255),
        primary key (id)
    )
Hibernate: 
    create table shift_type (
        active boolean not null,
        created_at timestamp(6),
        updated_at timestamp(6),
        id BIGINT not null,
        tenant_id uuid,
        description varchar(255),
        name varchar(255),
        time_zone varchar(255),
        primary key (id)
    )
Hibernate: 
    create table shift_user (
        id BIGINT not null,
        shift_id BIGINT,
        tenant_id uuid,
        user_id uuid,
        primary key (id)
    )
Hibernate: 
    create table tenants (
        created_at timestamp(6),
        updated_at timestamp(6),
        id uuid not null,
        created_by varchar(255),
        name varchar(255),
        updated_by varchar(255),
        primary key (id)
    )
Hibernate: 
    create table users (
        logged_in smallint not null,
        id uuid not null,
        tenant_id uuid,
        time_zone varchar(255),
        username varchar(255),
        primary key (id)
    )
Hibernate: 
    alter table if exists shift 
       add constraint FK9exbyhm3yeo9p64nbf5ghipcy 
       foreign key (shift_type_id) 
       references shift_type
Hibernate: 
    alter table if exists shift 
       add constraint FKpafkjmftn3njs0wi11nyho566 
       foreign key (tenant_id) 
       references tenants
Hibernate: 
    alter table if exists shift_type 
       add constraint FK3waci08n0ewpmd4q3rnvw4ydv 
       foreign key (tenant_id) 
       references tenants
Hibernate: 
    alter table if exists shift_user 
       add constraint FKn9acn5snoxqw0woir7e6x27id 
       foreign key (shift_id) 
       references shift
Hibernate: 
    alter table if exists shift_user 
       add constraint FKqtnw2wpnn96ag831vdy2r3oq4 
       foreign key (user_id) 
       references users
Hibernate: 
    alter table if exists users 
       add constraint FK21hn1a5ja1tve7ae02fnn4cld 
       foreign key (tenant_id) 
       references tenants
2024-02-03T00:32:27.118+05:30  INFO 58600 --- [           main] j.LocalContainerEntityManagerFactoryBean : Initialized JPA EntityManagerFactory for persistence unit 'default'
2024-02-03T00:32:27.252+05:30  INFO 58600 --- [           main] o.s.d.j.r.query.QueryEnhancerFactory     : Hibernate is in classpath; If applicable, HQL parser will be used.
2024-02-03T00:32:27.626+05:30  WARN 58600 --- [           main] JpaBaseConfiguration$JpaWebConfiguration : spring.jpa.open-in-view is enabled by default. Therefore, database queries may be performed during view rendering. Explicitly configure spring.jpa.open-in-view to disable this warning
2024-02-03T00:32:27.788+05:30  INFO 58600 --- [           main] com.example.jpa.JpaApplicationTests      : Started JpaApplicationTests in 2.134 seconds (process running for 2.56)
]]></system-out>
    <system-err><![CDATA[WARNING: A Java agent has been loaded dynamically (/Users/bhuvang/.m2/repository/net/bytebuddy/byte-buddy-agent/1.14.11/byte-buddy-agent-1.14.11.jar)
WARNING: If a serviceability tool is in use, please run with -XX:+EnableDynamicAgentLoading to hide this warning
WARNING: If a serviceability tool is not in use, please run with -Djdk.instrument.traceUsage for more information
WARNING: Dynamic loading of agents will be disallowed by default in a future release
]]></system-err>
  </testcase>
</testsuite>